<?xml version="1.0" encoding="UTF-8"?>
<!-- Generated by org.testng.reporters.JUnitReportReporter -->
<testsuite skipped="0" hostname="DESKTOP-P60CAPQ" name="com.test.LoginTestClass" tests="1" failures="0" timestamp="2022-02-15T14:12:22 IST" time="4.166" errors="0">
  <testcase name="verifyLogin" time="4.166" classname="com.test.LoginTestClass"/>
  <system-out/>
</testsuite> <!-- com.test.LoginTestClass -->
